Added Component: Designator=R1(0603)
Added Component: Designator=R2(0603)
Added Component: Designator=R3(0603)
Added Component: Designator=R4(0603)
Added Component: Designator=R5(0603)
Added Component: Designator=R6(0603)
Added Component: Designator=R7(0603)
Added Component: Designator=R8(0603)
Added Component: Designator=R9(0603)
Added Pin To Net: NetName=GND Pin=R1-1
Added Pin To Net: NetName=GND Pin=R2-1
Added Pin To Net: NetName=GND Pin=R3-1
Added Pin To Net: NetName=GND Pin=R4-1
Added Pin To Net: NetName=GND Pin=R5-1
Added Pin To Net: NetName=GND Pin=R6-1
Added Pin To Net: NetName=GND Pin=R7-1
Added Pin To Net: NetName=GND Pin=R8-1
Added Pin To Net: NetName=GND Pin=R9-1
Added Net: Name=GND
Added Pin To Net: NetName=VCC Pin=R1-2
Added Pin To Net: NetName=VCC Pin=R2-2
Added Pin To Net: NetName=VCC Pin=R3-2
Added Pin To Net: NetName=VCC Pin=R4-2
Added Pin To Net: NetName=VCC Pin=R5-2
Added Pin To Net: NetName=VCC Pin=R6-2
Added Pin To Net: NetName=VCC Pin=R7-2
Added Pin To Net: NetName=VCC Pin=R8-2
Added Pin To Net: NetName=VCC Pin=R9-2
Added Net: Name=VCC
Added Class: Name=main
Added Room: Name=main
